2025-11-06T18:11:27.583+07:00  INFO 29328 --- [healthcare-store-backend] [restartedMain] i.f.s.HealthcareStoreBackendApplication  : Starting HealthcareStoreBackendApplication using Java 17.0.14 with PID 29328 (D:\WWW\BaiTapLon\source\BE\healthcare-store-backend\target\classes started by Admin in D:\WWW\BaiTapLon\source\BE\healthcare-store-backend)
2025-11-06T18:11:27.585+07:00  INFO 29328 --- [healthcare-store-backend] [restartedMain] i.f.s.HealthcareStoreBackendApplication  : No active profile set, falling back to 1 default profile: "default"
2025-11-06T18:11:27.615+07:00  INFO 29328 --- [healthcare-store-backend] [restartedMain] .e.DevToolsPropertyDefaultsPostProcessor : Devtools property defaults active! Set 'spring.devtools.add-properties' to 'false' to disable
2025-11-06T18:11:27.615+07:00  INFO 29328 --- [healthcare-store-backend] [restartedMain] .e.DevToolsPropertyDefaultsPostProcessor : For additional web related logging consider setting the 'logging.level.web' property to 'DEBUG'
2025-11-06T18:11:28.105+07:00  INFO 29328 --- [healthcare-store-backend] [restartedMain] .s.d.r.c.RepositoryConfigurationDelegate : Bootstrapping Spring Data JPA repositories in DEFAULT mode.
2025-11-06T18:11:28.118+07:00  INFO 29328 --- [healthcare-store-backend] [restartedMain] .s.d.r.c.RepositoryConfigurationDelegate : Finished Spring Data repository scanning in 6 ms. Found 0 JPA repository interfaces.
2025-11-06T18:11:28.412+07:00  INFO 29328 --- [healthcare-store-backend] [restartedMain] o.s.b.w.embedded.tomcat.TomcatWebServer  : Tomcat initialized with port 8386 (http)
2025-11-06T18:11:28.419+07:00  INFO 29328 --- [healthcare-store-backend] [restartedMain] o.apache.catalina.core.StandardService   : Starting service [Tomcat]
2025-11-06T18:11:28.420+07:00  INFO 29328 --- [healthcare-store-backend] [restartedMain] o.apache.catalina.core.StandardEngine    : Starting Servlet engine: [Apache Tomcat/10.1.48]
2025-11-06T18:11:28.452+07:00  INFO 29328 --- [healthcare-store-backend] [restartedMain] o.a.c.c.C.[Tomcat].[localhost].[/api]    : Initializing Spring embedded WebApplicationContext
2025-11-06T18:11:28.453+07:00  INFO 29328 --- [healthcare-store-backend] [restartedMain] w.s.c.ServletWebServerApplicationContext : Root WebApplicationContext: initialization completed in 836 ms
2025-11-06T18:11:28.752+07:00  INFO 29328 --- [healthcare-store-backend] [restartedMain] o.s.o.j.p.SpringPersistenceUnitInfo      : No LoadTimeWeaver setup: ignoring JPA class transformer
2025-11-06T18:11:28.772+07:00  INFO 29328 --- [healthcare-store-backend] [restartedMain] com.zaxxer.hikari.HikariDataSource       : HikariPool-1 - Starting...
2025-11-06T18:11:28.840+07:00  INFO 29328 --- [healthcare-store-backend] [restartedMain] com.zaxxer.hikari.pool.HikariPool        : HikariPool-1 - Added connection org.mariadb.jdbc.Connection@19a90c1a
2025-11-06T18:11:28.841+07:00  INFO 29328 --- [healthcare-store-backend] [restartedMain] com.zaxxer.hikari.HikariDataSource       : HikariPool-1 - Start completed.
2025-11-06T18:11:29.092+07:00  INFO 29328 --- [healthcare-store-backend] [restartedMain] j.LocalContainerEntityManagerFactoryBean : Initialized JPA EntityManagerFactory for persistence unit 'default'
2025-11-06T18:11:29.174+07:00  WARN 29328 --- [healthcare-store-backend] [restartedMain] JpaBaseConfiguration$JpaWebConfiguration : spring.jpa.open-in-view is enabled by default. Therefore, database queries may be performed during view rendering. Explicitly configure spring.jpa.open-in-view to disable this warning
2025-11-06T18:11:29.240+07:00 DEBUG 29328 --- [healthcare-store-backend] [restartedMain] s.w.s.m.m.a.RequestMappingHandlerMapping : 6 mappings in 'requestMappingHandlerMapping'
2025-11-06T18:11:29.289+07:00 DEBUG 29328 --- [healthcare-store-backend] [restartedMain] o.s.w.s.handler.SimpleUrlHandlerMapping  : Patterns [/webjars/**, /**, /swagger-ui*/*swagger-initializer.js, /swagger-ui*/**] in 'resourceHandlerMapping'
2025-11-06T18:11:29.309+07:00 DEBUG 29328 --- [healthcare-store-backend] [restartedMain] s.w.s.m.m.a.RequestMappingHandlerAdapter : ControllerAdvice beans: 0 @ModelAttribute, 0 @InitBinder, 1 RequestBodyAdvice, 1 ResponseBodyAdvice
2025-11-06T18:11:29.339+07:00 DEBUG 29328 --- [healthcare-store-backend] [restartedMain] .m.m.a.ExceptionHandlerExceptionResolver : ControllerAdvice beans: 1 @ExceptionHandler, 1 ResponseBodyAdvice
2025-11-06T18:11:29.459+07:00  WARN 29328 --- [healthcare-store-backend] [restartedMain] .s.s.UserDetailsServiceAutoConfiguration : 

Using generated security password: 374c34b5-bce6-4962-963a-93aca1bde54d

This generated password is for development use only. Your security configuration must be updated before running your application in production.

2025-11-06T18:11:29.464+07:00  INFO 29328 --- [healthcare-store-backend] [restartedMain] r$InitializeUserDetailsManagerConfigurer : Global AuthenticationManager configured with UserDetailsService bean with name inMemoryUserDetailsManager
2025-11-06T18:11:29.540+07:00  INFO 29328 --- [healthcare-store-backend] [restartedMain] o.s.b.d.a.OptionalLiveReloadServer       : LiveReload server is running on port 35729
2025-11-06T18:11:29.569+07:00  INFO 29328 --- [healthcare-store-backend] [restartedMain] o.s.b.w.embedded.tomcat.TomcatWebServer  : Tomcat started on port 8386 (http) with context path '/api'
2025-11-06T18:11:29.576+07:00  INFO 29328 --- [healthcare-store-backend] [restartedMain] i.f.s.HealthcareStoreBackendApplication  : Started HealthcareStoreBackendApplication in 2.363 seconds (process running for 2.853)
2025-11-06T18:11:53.597+07:00  INFO 29328 --- [healthcare-store-backend] [SpringApplicationShutdownHook] o.s.b.w.e.tomcat.GracefulShutdown        : Commencing graceful shutdown. Waiting for active requests to complete
2025-11-06T18:11:53.701+07:00  INFO 29328 --- [healthcare-store-backend] [tomcat-shutdown] o.s.b.w.e.tomcat.GracefulShutdown        : Graceful shutdown complete
2025-11-06T18:11:53.704+07:00  INFO 29328 --- [healthcare-store-backend] [SpringApplicationShutdownHook] j.LocalContainerEntityManagerFactoryBean : Closing JPA EntityManagerFactory for persistence unit 'default'
2025-11-06T18:11:53.706+07:00  INFO 29328 --- [healthcare-store-backend] [SpringApplicationShutdownHook] com.zaxxer.hikari.HikariDataSource       : HikariPool-1 - Shutdown initiated...
2025-11-06T18:11:53.714+07:00  INFO 29328 --- [healthcare-store-backend] [SpringApplicationShutdownHook] com.zaxxer.hikari.HikariDataSource       : HikariPool-1 - Shutdown completed.
